<?xml version="1.0" encoding="UTF-8"?>
<testsuite name="JUnit Platform Suite" tests="8" skipped="0" failures="8" errors="0" time="0.018" hostname="ryan_urq_laptop" timestamp="2024-03-29T18:26:34">
<properties>
<property name="awt.toolkit" value="sun.awt.windows.WToolkit"/>
<property name="file.encoding" value="Cp1252"/>
<property name="file.separator" value="\"/>
<property name="java.awt.graphicsenv" value="sun.awt.Win32GraphicsEnvironment"/>
<property name="java.awt.printerjob" value="sun.awt.windows.WPrinterJob"/>
<property name="java.class.path" value=".\JARs\junit-platform-console-standalone-1.10.2.jar"/>
<property name="java.class.version" value="55.0"/>
<property name="java.home" value="C:\Program Files\Eclipse Adoptium\jdk-11.0.17.8-hotspot"/>
<property name="java.io.tmpdir" value="C:\Users\ryan1\AppData\Local\Temp\"/>
<property name="java.library.path" value="C:\Program Files\Eclipse Adoptium\jdk-11.0.17.8-hotspot\bin;C:\WINDOWS\Sun\Java\bin;C:\WINDOWS\system32;C:\WINDOWS;C:\Program Files\Eclipse Adoptium\jdk-17.0.10.7-hotspot\bin;C:\ffmpeg\bin;C:\Program Files (x86)\Common Files\Intel\Shared Libraries\redist\intel64\compiler;C:\Program Files\Eclipse Adoptium\jdk-11.0.17.8-hotspot\bin;C:\Program Files (x86)\Common Files\Intel\Shared Libraries\redist\intel64\compiler;C:\windows\system32;C:\windows;C:\windows\System32\Wbem;C:\windows\System32\WindowsPowerShell\v1.0\;C:\windows\System32\OpenSSH\;C:\Program Files\WireGuard\;C:\Program Files (x86)\NVIDIA Corporation\PhysX\Common;C:\Program Files (x86)\Calibre2\;C:\Program Files\dotnet\;C:\Program Files\NVIDIA Corporation\Nsight Compute 2022.1.1\;C:\Program Files\NVIDIA Corporation\NVIDIA NvDLISR;C:\Program Files\Git\cmd;C:\WINDOWS\system32;C:\WINDOWS;C:\WINDOWS\System32\Wbem;C:\WINDOWS\System32\WindowsPowerShell\v1.0\;C:\WINDOWS\System32\OpenSSH\;C:\Program Files (x86)\gnupg\bin;C:\ProgramData\chocolatey\bin;C:\Users\ryan1\AppData\Local\Microsoft\WindowsApps;C:\Program Files\JetBrains\PyCharm Community Edition 2021.3.2\bin;C:\Users\ryan1\.dotnet\tools;C:\Program Files\JetBrains\GoLand 2022.;C:\Users\ryan1\AppData\Local\Microsoft\WindowsApps;C:\Program Files\JetBrains\PyCharm Community Edition 2021.3.2\bin;C:\Users\ryan1\.dotnet\tools;C:\Program Files\JetBrains\GoLand 2022.3\bin;C:\Users\ryan1\go\bin;C:\Users\ryan1\AppData\Local\JetBrains\Toolbox\scripts;;C:\Users\ryan1\AppData\Local\Programs\Microsoft VS Code\bin;."/>
<property name="java.runtime.name" value="OpenJDK Runtime Environment"/>
<property name="java.runtime.version" value="11.0.17+8"/>
<property name="java.specification.name" value="Java Platform API Specification"/>
<property name="java.specification.vendor" value="Oracle Corporation"/>
<property name="java.specification.version" value="11"/>
<property name="java.vendor" value="Eclipse Adoptium"/>
<property name="java.vendor.url" value="https://adoptium.net/"/>
<property name="java.vendor.url.bug" value="https://github.com/adoptium/adoptium-support/issues"/>
<property name="java.vendor.version" value="Temurin-11.0.17+8"/>
<property name="java.version" value="11.0.17"/>
<property name="java.version.date" value="2022-10-18"/>
<property name="java.vm.compressedOopsMode" value="Zero based"/>
<property name="java.vm.info" value="mixed mode"/>
<property name="java.vm.name" value="OpenJDK 64-Bit Server VM"/>
<property name="java.vm.specification.name" value="Java Virtual Machine Specification"/>
<property name="java.vm.specification.vendor" value="Oracle Corporation"/>
<property name="java.vm.specification.version" value="11"/>
<property name="java.vm.vendor" value="Eclipse Adoptium"/>
<property name="java.vm.version" value="11.0.17+8"/>
<property name="jdk.debug" value="release"/>
<property name="line.separator" value="
"/>
<property name="os.arch" value="amd64"/>
<property name="os.name" value="Windows 11"/>
<property name="os.version" value="10.0"/>
<property name="path.separator" value=";"/>
<property name="sun.arch.data.model" value="64"/>
<property name="sun.boot.library.path" value="C:\Program Files\Eclipse Adoptium\jdk-11.0.17.8-hotspot\bin"/>
<property name="sun.cpu.endian" value="little"/>
<property name="sun.cpu.isalist" value="amd64"/>
<property name="sun.desktop" value="windows"/>
<property name="sun.io.unicode.encoding" value="UnicodeLittle"/>
<property name="sun.java.command" value=".\JARs\junit-platform-console-standalone-1.10.2.jar execute --class-path .\testBin\ --scan-class-path --reports-dir ./reports"/>
<property name="sun.java.launcher" value="SUN_STANDARD"/>
<property name="sun.jnu.encoding" value="Cp1252"/>
<property name="sun.management.compiler" value="HotSpot 64-Bit Tiered Compilers"/>
<property name="sun.os.patch.level" value=""/>
<property name="sun.stderr.encoding" value="cp437"/>
<property name="sun.stdout.encoding" value="cp437"/>
<property name="user.country" value="GB"/>
<property name="user.dir" value="C:\Users\ryan1\OneDrive - Queen's University Belfast\Documents\CSC7083-2324-G3"/>
<property name="user.home" value="C:\Users\ryan1"/>
<property name="user.language" value="en"/>
<property name="user.name" value="ryan_urq"/>
<property name="user.script" value=""/>
<property name="user.timezone" value="Europe/London"/>
<property name="user.variant" value=""/>
</properties>
<testcase name="testSetResources()" classname="main.PlayerTest" time="0.001">
<failure message="Not yet implemented" type="org.opentest4j.AssertionFailedError"><![CDATA[org.opentest4j.AssertionFailedError: Not yet implemented
	at org.junit.jupiter.api.AssertionUtils.fail(AssertionUtils.java:38)
	at org.junit.jupiter.api.Assertions.fail(Assertions.java:138)
	at main.PlayerTest.testSetResources(PlayerTest.java:81)
	at java.base/java.lang.reflect.Method.invoke(Method.java:566)
	at java.base/java.util.ArrayList.forEach(ArrayList.java:1541)
	at java.base/java.util.ArrayList.forEach(ArrayList.java:1541)
]]></failure>
<system-out><![CDATA[
unique-id: [engine:junit-platform-suite]/[suite:main.AllTests]/[engine:junit-jupiter]/[class:main.PlayerTest]/[method:testSetResources()]
display-name: testSetResources()
]]></system-out>
</testcase>
<testcase name="testGetResources()" classname="main.PlayerTest" time="0">
<failure message="Not yet implemented" type="org.opentest4j.AssertionFailedError"><![CDATA[org.opentest4j.AssertionFailedError: Not yet implemented
	at org.junit.jupiter.api.AssertionUtils.fail(AssertionUtils.java:38)
	at org.junit.jupiter.api.Assertions.fail(Assertions.java:138)
	at main.PlayerTest.testGetResources(PlayerTest.java:73)
	at java.base/java.lang.reflect.Method.invoke(Method.java:566)
	at java.base/java.util.ArrayList.forEach(ArrayList.java:1541)
	at java.base/java.util.ArrayList.forEach(ArrayList.java:1541)
]]></failure>
<system-out><![CDATA[
unique-id: [engine:junit-platform-suite]/[suite:main.AllTests]/[engine:junit-jupiter]/[class:main.PlayerTest]/[method:testGetResources()]
display-name: testGetResources()
]]></system-out>
</testcase>
<testcase name="testDeductResources()" classname="main.PlayerTest" time="0">
<failure message="Not yet implemented" type="org.opentest4j.AssertionFailedError"><![CDATA[org.opentest4j.AssertionFailedError: Not yet implemented
	at org.junit.jupiter.api.AssertionUtils.fail(AssertionUtils.java:38)
	at org.junit.jupiter.api.Assertions.fail(Assertions.java:138)
	at main.PlayerTest.testDeductResources(PlayerTest.java:97)
	at java.base/java.lang.reflect.Method.invoke(Method.java:566)
	at java.base/java.util.ArrayList.forEach(ArrayList.java:1541)
	at java.base/java.util.ArrayList.forEach(ArrayList.java:1541)
]]></failure>
<system-out><![CDATA[
unique-id: [engine:junit-platform-suite]/[suite:main.AllTests]/[engine:junit-jupiter]/[class:main.PlayerTest]/[method:testDeductResources()]
display-name: testDeductResources()
]]></system-out>
</testcase>
<testcase name="testPlayer()" classname="main.PlayerTest" time="0.001">
<failure message="Not yet implemented" type="org.opentest4j.AssertionFailedError"><![CDATA[org.opentest4j.AssertionFailedError: Not yet implemented
	at org.junit.jupiter.api.AssertionUtils.fail(AssertionUtils.java:38)
	at org.junit.jupiter.api.Assertions.fail(Assertions.java:138)
	at main.PlayerTest.testPlayer(PlayerTest.java:57)
	at java.base/java.lang.reflect.Method.invoke(Method.java:566)
	at java.base/java.util.ArrayList.forEach(ArrayList.java:1541)
	at java.base/java.util.ArrayList.forEach(ArrayList.java:1541)
]]></failure>
<system-out><![CDATA[
unique-id: [engine:junit-platform-suite]/[suite:main.AllTests]/[engine:junit-jupiter]/[class:main.PlayerTest]/[method:testPlayer()]
display-name: testPlayer()
]]></system-out>
</testcase>
<testcase name="testAddResources()" classname="main.PlayerTest" time="0">
<failure message="Not yet implemented" type="org.opentest4j.AssertionFailedError"><![CDATA[org.opentest4j.AssertionFailedError: Not yet implemented
	at org.junit.jupiter.api.AssertionUtils.fail(AssertionUtils.java:38)
	at org.junit.jupiter.api.Assertions.fail(Assertions.java:138)
	at main.PlayerTest.testAddResources(PlayerTest.java:89)
	at java.base/java.lang.reflect.Method.invoke(Method.java:566)
	at java.base/java.util.ArrayList.forEach(ArrayList.java:1541)
	at java.base/java.util.ArrayList.forEach(ArrayList.java:1541)
]]></failure>
<system-out><![CDATA[
unique-id: [engine:junit-platform-suite]/[suite:main.AllTests]/[engine:junit-jupiter]/[class:main.PlayerTest]/[method:testAddResources()]
display-name: testAddResources()
]]></system-out>
</testcase>
<testcase name="testGetName()" classname="main.PlayerTest" time="0.001">
<failure message="Not yet implemented" type="org.opentest4j.AssertionFailedError"><![CDATA[org.opentest4j.AssertionFailedError: Not yet implemented
	at org.junit.jupiter.api.AssertionUtils.fail(AssertionUtils.java:38)
	at org.junit.jupiter.api.Assertions.fail(Assertions.java:138)
	at main.PlayerTest.testGetName(PlayerTest.java:65)
	at java.base/java.lang.reflect.Method.invoke(Method.java:566)
	at java.base/java.util.ArrayList.forEach(ArrayList.java:1541)
	at java.base/java.util.ArrayList.forEach(ArrayList.java:1541)
]]></failure>
<system-out><![CDATA[
unique-id: [engine:junit-platform-suite]/[suite:main.AllTests]/[engine:junit-jupiter]/[class:main.PlayerTest]/[method:testGetName()]
display-name: testGetName()
]]></system-out>
</testcase>
<testcase name="testGetPosition()" classname="main.PlayerTest" time="0.002">
<failure message="Not yet implemented" type="org.opentest4j.AssertionFailedError"><![CDATA[org.opentest4j.AssertionFailedError: Not yet implemented
	at org.junit.jupiter.api.AssertionUtils.fail(AssertionUtils.java:38)
	at org.junit.jupiter.api.Assertions.fail(Assertions.java:138)
	at main.PlayerTest.testGetPosition(PlayerTest.java:105)
	at java.base/java.lang.reflect.Method.invoke(Method.java:566)
	at java.base/java.util.ArrayList.forEach(ArrayList.java:1541)
	at java.base/java.util.ArrayList.forEach(ArrayList.java:1541)
]]></failure>
<system-out><![CDATA[
unique-id: [engine:junit-platform-suite]/[suite:main.AllTests]/[engine:junit-jupiter]/[class:main.PlayerTest]/[method:testGetPosition()]
display-name: testGetPosition()
]]></system-out>
</testcase>
<testcase name="testSetPosition()" classname="main.PlayerTest" time="0.001">
<failure message="Not yet implemented" type="org.opentest4j.AssertionFailedError"><![CDATA[org.opentest4j.AssertionFailedError: Not yet implemented
	at org.junit.jupiter.api.AssertionUtils.fail(AssertionUtils.java:38)
	at org.junit.jupiter.api.Assertions.fail(Assertions.java:138)
	at main.PlayerTest.testSetPosition(PlayerTest.java:113)
	at java.base/java.lang.reflect.Method.invoke(Method.java:566)
	at java.base/java.util.ArrayList.forEach(ArrayList.java:1541)
	at java.base/java.util.ArrayList.forEach(ArrayList.java:1541)
]]></failure>
<system-out><![CDATA[
unique-id: [engine:junit-platform-suite]/[suite:main.AllTests]/[engine:junit-jupiter]/[class:main.PlayerTest]/[method:testSetPosition()]
display-name: testSetPosition()
]]></system-out>
</testcase>
<system-out><![CDATA[
unique-id: [engine:junit-platform-suite]
display-name: JUnit Platform Suite
]]></system-out>
</testsuite>
